<?xml version="1.0" encoding="utf-8"?><testsuites name="pytest tests"><testsuite name="pytest" errors="0" failures="0" skipped="0" tests="16" time="53.831" timestamp="2026-07-05T20:36:06.918163+00:00" hostname="agent-env-b42fd57a-dfae-49b4-9ae7-7e024142bc18"><testcase classname="tests.backend_test" name="test_root" time="1.523" /><testcase classname="tests.backend_test" name="test_meta" time="0.050" /><testcase classname="tests.backend_test" name="test_documents_karnataka" time="0.049" /><testcase classname="tests.backend_test" name="test_documents_maharashtra" time="0.101" /><testcase classname="tests.backend_test" name="test_document_detail" time="0.091" /><testcase classname="tests.backend_test" name="test_document_404" time="0.046" /><testcase classname="tests.backend_test" name="test_search_karnataka_caste" time="12.344" /><testcase classname="tests.backend_test" name="test_search_maharashtra_saledeed" time="18.388" /><testcase classname="tests.backend_test" name="test_search_web_fallback" time="18.571" /><testcase classname="tests.backend_test" name="test_translate_hindi" time="1.373" /><testcase classname="tests.backend_test" name="test_translate_english_passthrough" time="0.047" /><testcase classname="tests.backend_test" name="test_checklists_get_requires_auth" time="0.049" /><testcase classname="tests.backend_test" name="test_checklists_post_requires_auth" time="0.093" /><testcase classname="tests.backend_test" name="test_checklists_patch_requires_auth" time="0.048" /><testcase classname="tests.backend_test" name="test_checklists_delete_requires_auth" time="0.052" /><testcase classname="tests.backend_test" name="test_auth_session_invalid" time="0.145" /></testsuite></testsuites>